  Source.cpp
D:\VSprojects\Abstract_container\Abstract_container\Source.cpp(112,18): warning C4305: аргумент: усечение из "double" в "const T"
          with
          [
              T=float
          ]
D:\VSprojects\Abstract_container\Abstract_container\Source.cpp(113,18): warning C4305: аргумент: усечение из "double" в "const T"
          with
          [
              T=float
          ]
D:\VSprojects\Abstract_container\Abstract_container\Source.cpp(114,19): warning C4305: аргумент: усечение из "double" в "const T"
          with
          [
              T=float
          ]
D:\VSprojects\Abstract_container\Abstract_container\Source.cpp(115,16): warning C4305: аргумент: усечение из "double" в "const T"
          with
          [
              T=float
          ]
Source.obj : error LNK2019: ссылка на неразрешенный внешний символ "public: __thiscall ListQueue<int>::ListQueue<int>(void)" (??0?$ListQueue@H@@QAE@XZ) в функции _main.
Source.obj : error LNK2019: ссылка на неразрешенный внешний символ "public: __thiscall ListQueue<int>::ListQueue<int>(int,int)" (??0?$ListQueue@H@@QAE@HH@Z) в функции _main.
Source.obj : error LNK2019: ссылка на неразрешенный внешний символ "public: __thiscall ListQueue<int>::ListQueue<int>(class ListQueue<int> const &)" (??0?$ListQueue@H@@QAE@ABV0@@Z) в функции _main.
Source.obj : error LNK2019: ссылка на неразрешенный внешний символ "public: __thiscall ListQueue<int>::ListQueue<int>(class ListQueue<int> &&)" (??0?$ListQueue@H@@QAE@$$QAV0@@Z) в функции _main.
Source.obj : error LNK2019: ссылка на неразрешенный внешний символ "public: class ListQueue<int> & __thiscall ListQueue<int>::operator=(class ListQueue<int> const &)" (??4?$ListQueue@H@@QAEAAV0@ABV0@@Z) в функции _main.
Source.obj : error LNK2019: ссылка на неразрешенный внешний символ "public: __thiscall ListQueue<int>::~ListQueue<int>(void)" (??1?$ListQueue@H@@QAE@XZ) в функции _main.
Source.obj : error LNK2019: ссылка на неразрешенный внешний символ "public: virtual bool __thiscall ListQueue<int>::IsEmpty(void)const " (?IsEmpty@?$ListQueue@H@@UBE_NXZ) в функции _main.
Source.obj : error LNK2019: ссылка на неразрешенный внешний символ "public: virtual int __thiscall ListQueue<int>::Size(void)const " (?Size@?$ListQueue@H@@UBEHXZ) в функции _main.
Source.obj : error LNK2019: ссылка на неразрешенный внешний символ "public: virtual void __thiscall ListQueue<int>::PushBack(int)" (?PushBack@?$ListQueue@H@@UAEXH@Z) в функции _main.
Source.obj : error LNK2019: ссылка на неразрешенный внешний символ "public: virtual void __thiscall ListQueue<int>::PopFront(void)" (?PopFront@?$ListQueue@H@@UAEXXZ) в функции _main.
Source.obj : error LNK2019: ссылка на неразрешенный внешний символ "public: virtual int & __thiscall ListQueue<int>::Front(void)" (?Front@?$ListQueue@H@@UAEAAHXZ) в функции _main.
Source.obj : error LNK2019: ссылка на неразрешенный внешний символ "public: __thiscall LimitedArrayStack<int>::LimitedArrayStack<int>(int,int)" (??0?$LimitedArrayStack@H@@QAE@HH@Z) в функции _main.
Source.obj : error LNK2019: ссылка на неразрешенный внешний символ "public: __thiscall LimitedArrayStack<int>::LimitedArrayStack<int>(class LimitedArrayStack<int> &&)" (??0?$LimitedArrayStack@H@@QAE@$$QAV0@@Z) в функции _main.
Source.obj : error LNK2019: ссылка на неразрешенный внешний символ "public: __thiscall LimitedArrayStack<int>::~LimitedArrayStack<int>(void)" (??1?$LimitedArrayStack@H@@QAE@XZ) в функции _main.
Source.obj : error LNK2019: ссылка на неразрешенный внешний символ "public: virtual bool __thiscall LimitedArrayStack<int>::IsEmpty(void)const " (?IsEmpty@?$LimitedArrayStack@H@@UBE_NXZ) в функции _main.
Source.obj : error LNK2019: ссылка на неразрешенный внешний символ "public: virtual void __thiscall LimitedArrayStack<int>::Pop(void)" (?Pop@?$LimitedArrayStack@H@@UAEXXZ) в функции _main.
Source.obj : error LNK2019: ссылка на неразрешенный внешний символ "public: virtual int & __thiscall LimitedArrayStack<int>::Top(void)" (?Top@?$LimitedArrayStack@H@@UAEAAHXZ) в функции _main.
Source.obj : error LNK2019: ссылка на неразрешенный внешний символ "public: __thiscall LimitedArrayQueue<int>::LimitedArrayQueue<int>(int,int)" (??0?$LimitedArrayQueue@H@@QAE@HH@Z) в функции _main.
Source.obj : error LNK2019: ссылка на неразрешенный внешний символ "public: __thiscall LimitedArrayQueue<int>::LimitedArrayQueue<int>(class LimitedArrayQueue<int> &&)" (??0?$LimitedArrayQueue@H@@QAE@$$QAV0@@Z) в функции _main.
Source.obj : error LNK2019: ссылка на неразрешенный внешний символ "public: __thiscall LimitedArrayQueue<int>::~LimitedArrayQueue<int>(void)" (??1?$LimitedArrayQueue@H@@QAE@XZ) в функции _main.
Source.obj : error LNK2019: ссылка на неразрешенный внешний символ "public: virtual bool __thiscall LimitedArrayQueue<int>::IsEmpty(void)const " (?IsEmpty@?$LimitedArrayQueue@H@@UBE_NXZ) в функции _main.
Source.obj : error LNK2019: ссылка на неразрешенный внешний символ "public: virtual void __thiscall LimitedArrayQueue<int>::PopFront(void)" (?PopFront@?$LimitedArrayQueue@H@@UAEXXZ) в функции _main.
Source.obj : error LNK2019: ссылка на неразрешенный внешний символ "public: virtual int & __thiscall LimitedArrayQueue<int>::Front(void)" (?Front@?$LimitedArrayQueue@H@@UAEAAHXZ) в функции _main.
Source.obj : error LNK2019: ссылка на неразрешенный внешний символ "public: __thiscall UnlimitedArrayStack<int>::UnlimitedArrayStack<int>(int,int)" (??0?$UnlimitedArrayStack@H@@QAE@HH@Z) в функции _main.
Source.obj : error LNK2019: ссылка на неразрешенный внешний символ "public: __thiscall UnlimitedArrayStack<int>::UnlimitedArrayStack<int>(class UnlimitedArrayStack<int> &&)" (??0?$UnlimitedArrayStack@H@@QAE@$$QAV0@@Z) в функции _main.
Source.obj : error LNK2019: ссылка на неразрешенный внешний символ "public: __thiscall UnlimitedArrayStack<int>::~UnlimitedArrayStack<int>(void)" (??1?$UnlimitedArrayStack@H@@QAE@XZ) в функции _main.
Source.obj : error LNK2019: ссылка на неразрешенный внешний символ "public: virtual bool __thiscall UnlimitedArrayStack<int>::IsEmpty(void)const " (?IsEmpty@?$UnlimitedArrayStack@H@@UBE_NXZ) в функции _main.
Source.obj : error LNK2019: ссылка на неразрешенный внешний символ "public: virtual void __thiscall UnlimitedArrayStack<int>::Pop(void)" (?Pop@?$UnlimitedArrayStack@H@@UAEXXZ) в функции _main.
Source.obj : error LNK2019: ссылка на неразрешенный внешний символ "public: virtual int & __thiscall UnlimitedArrayStack<int>::Top(void)" (?Top@?$UnlimitedArrayStack@H@@UAEAAHXZ) в функции _main.
Source.obj : error LNK2019: ссылка на неразрешенный внешний символ "public: __thiscall ListStack<int>::ListStack<int>(int,int)" (??0?$ListStack@H@@QAE@HH@Z) в функции _main.
Source.obj : error LNK2019: ссылка на неразрешенный внешний символ "public: __thiscall ListStack<int>::ListStack<int>(class ListStack<int> &&)" (??0?$ListStack@H@@QAE@$$QAV0@@Z) в функции _main.
Source.obj : error LNK2019: ссылка на неразрешенный внешний символ "public: __thiscall ListStack<int>::~ListStack<int>(void)" (??1?$ListStack@H@@QAE@XZ) в функции _main.
Source.obj : error LNK2019: ссылка на неразрешенный внешний символ "public: virtual bool __thiscall ListStack<int>::IsEmpty(void)const " (?IsEmpty@?$ListStack@H@@UBE_NXZ) в функции _main.
Source.obj : error LNK2019: ссылка на неразрешенный внешний символ "public: virtual void __thiscall ListStack<int>::Pop(void)" (?Pop@?$ListStack@H@@UAEXXZ) в функции _main.
Source.obj : error LNK2019: ссылка на неразрешенный внешний символ "public: virtual int & __thiscall ListStack<int>::Top(void)" (?Top@?$ListStack@H@@UAEAAHXZ) в функции _main.
Source.obj : error LNK2019: ссылка на неразрешенный внешний символ "public: __thiscall ListQueue<float>::ListQueue<float>(int,float)" (??0?$ListQueue@M@@QAE@HM@Z) в функции _main.
Source.obj : error LNK2019: ссылка на неразрешенный внешний символ "public: __thiscall ListQueue<float>::ListQueue<float>(class ListQueue<float> const &)" (??0?$ListQueue@M@@QAE@ABV0@@Z) в функции _main.
Source.obj : error LNK2019: ссылка на неразрешенный внешний символ "public: __thiscall ListQueue<float>::~ListQueue<float>(void)" (??1?$ListQueue@M@@QAE@XZ) в функции _main.
Source.obj : error LNK2019: ссылка на неразрешенный внешний символ "public: virtual bool __thiscall ListQueue<float>::IsEmpty(void)const " (?IsEmpty@?$ListQueue@M@@UBE_NXZ) в функции _main.
Source.obj : error LNK2019: ссылка на неразрешенный внешний символ "public: virtual int __thiscall ListQueue<float>::Size(void)const " (?Size@?$ListQueue@M@@UBEHXZ) в функции _main.
Source.obj : error LNK2019: ссылка на неразрешенный внешний символ "public: virtual void __thiscall ListQueue<float>::PushBack(float)" (?PushBack@?$ListQueue@M@@UAEXM@Z) в функции _main.
Source.obj : error LNK2019: ссылка на неразрешенный внешний символ "public: virtual void __thiscall ListQueue<float>::PopFront(void)" (?PopFront@?$ListQueue@M@@UAEXXZ) в функции _main.
Source.obj : error LNK2019: ссылка на неразрешенный внешний символ "public: virtual float & __thiscall ListQueue<float>::Front(void)" (?Front@?$ListQueue@M@@UAEAAMXZ) в функции _main.
D:\VSprojects\Abstract_container\Debug\Abstract_container.exe : fatal error LNK1120: неразрешенных внешних элементов: 43
